This is pdfTeX, Version 3.14159265-2.6-1.40.20 (TeX Live 2019/Debian) (preloaded format=pdflatex 2021.3.1)  5 APR 2021 11:34
entering extended mode
 restricted \write18 enabled.
 %&-line parsing enabled.
**report.tex
(./report.tex
LaTeX2e <2020-02-02> patch level 2
L3 programming layer <2020-02-14>
(/usr/share/texlive/texmf-dist/tex/latex/base/article.cls
Document Class: article 2019/12/20 v1.4l Standard LaTeX document class
(/usr/share/texlive/texmf-dist/tex/latex/base/size11.clo
File: size11.clo 2019/12/20 v1.4l Standard LaTeX file (size option)
)
\c@part=\count167
\c@section=\count168
\c@subsection=\count169
\c@subsubsection=\count170
\c@paragraph=\count171
\c@subparagraph=\count172
\c@figure=\count173
\c@table=\count174
\abovecaptionskip=\skip47
\belowcaptionskip=\skip48
\bibindent=\dimen134
)
(/usr/share/texlive/texmf-dist/tex/latex/base/inputenc.sty
Package: inputenc 2018/08/11 v1.3c Input encoding file
\inpenc@prehook=\toks14
\inpenc@posthook=\toks15
)
(/usr/share/texlive/texmf-dist/tex/generic/babel/babel.sty
Package: babel 2020/02/14 3.40 The Babel package

(/usr/share/texlive/texmf-dist/tex/generic/babel/switch.def
File: switch.def 2020/02/14 3.40 Babel switching mechanism
)
(/usr/share/texlive/texmf-dist/tex/generic/babel-english/english.ldf
Language: english 2017/06/06 v3.3r English support from the babel system

(/usr/share/texlive/texmf-dist/tex/generic/babel/babel.def
File: babel.def 2020/02/14 3.40 Babel common definitions
\babel@savecnt=\count175
\U@D=\dimen135

(/usr/share/texlive/texmf-dist/tex/generic/babel/txtbabel.def)
\bbl@readstream=\read2
\bbl@dirlevel=\count176
)
Package babel Info: \l@canadian = using hyphenrules for english
(babel)             (\language0) on input line 102.
Package babel Info: \l@australian = using hyphenrules for ukenglish
(babel)             (\language84) on input line 105.
Package babel Info: \l@newzealand = using hyphenrules for ukenglish
(babel)             (\language84) on input line 108.
))
(/usr/share/texlive/texmf-dist/tex/latex/notoccite/notoccite.sty
Package: notoccite 2000/07/20
)
(/usr/share/texlive/texmf-dist/tex/latex/caption/caption.sty
Package: caption 2020/01/03 v3.4h Customizing captions (AR)

(/usr/share/texlive/texmf-dist/tex/latex/caption/caption3.sty
Package: caption3 2020/01/03 v1.8h caption3 kernel (AR)
Package caption3 Info: TeX engine: e-TeX on input line 61.

(/usr/share/texlive/texmf-dist/tex/latex/graphics/keyval.sty
Package: keyval 2014/10/28 v1.15 key=value parser (DPC)
\KV@toks@=\toks16
)
\captionmargin=\dimen136
\captionmargin@=\dimen137
\captionwidth=\dimen138
\caption@tempdima=\dimen139
\caption@indent=\dimen140
\caption@parindent=\dimen141
\caption@hangindent=\dimen142
Package caption Info: Standard document class detected.
)
\c@caption@flags=\count177
\c@continuedfloat=\count178
)
(/usr/share/texlive/texmf-dist/tex/latex/listings/listings.sty
\lst@mode=\count179
\lst@gtempboxa=\box45
\lst@token=\toks17
\lst@length=\count180
\lst@currlwidth=\dimen143
\lst@column=\count181
\lst@pos=\count182
\lst@lostspace=\dimen144
\lst@width=\dimen145
\lst@newlines=\count183
\lst@lineno=\count184
\lst@maxwidth=\dimen146

(/usr/share/texlive/texmf-dist/tex/latex/listings/lstmisc.sty
File: lstmisc.sty 2019/09/10 1.8c (Carsten Heinz)
\c@lstnumber=\count185
\lst@skipnumbers=\count186
\lst@framebox=\box46
)
(/usr/share/texlive/texmf-dist/tex/latex/listings/listings.cfg
File: listings.cfg 2019/09/10 1.8c listings configuration
))
Package: listings 2019/09/10 1.8c (Carsten Heinz)

(/usr/share/texlive/texmf-dist/tex/latex/nowidow/nowidow.sty
Package: nowidow 2011/09/20 1.0 Easily prevent widows and orphans
Package: nowidow 

(/usr/share/texlive/texmf-dist/tex/latex/kvoptions/kvoptions.sty
Package: kvoptions 2019/11/29 v3.13 Key value format for package options (HO)

(/usr/share/texlive/texmf-dist/tex/generic/ltxcmds/ltxcmds.sty
Package: ltxcmds 2019/12/15 v1.24 LaTeX kernel commands for general use (HO)
)
(/usr/share/texlive/texmf-dist/tex/generic/kvsetkeys/kvsetkeys.sty
Package: kvsetkeys 2019/12/15 v1.18 Key value parser (HO)
)))
(/usr/share/texlive/texmf-dist/tex/latex/subfigure/subfigure.sty
Package: subfigure 2002/03/15 v2.1.5 subfigure package
\subfigtopskip=\skip49
\subfigcapskip=\skip50
\subfigcaptopadj=\dimen147
\subfigbottomskip=\skip51
\subfigcapmargin=\dimen148
\subfiglabelskip=\skip52
\c@subfigure=\count187
\c@lofdepth=\count188
\c@subtable=\count189
\c@lotdepth=\count190

****************************************
* Local config file subfigure.cfg used *
****************************************
(/usr/share/texlive/texmf-dist/tex/latex/subfigure/subfigure.cfg)
\subfig@top=\skip53
\subfig@bottom=\skip54
)
(/usr/share/texlive/texmf-dist/tex/latex/lipsum/lipsum.sty
(/usr/share/texlive/texmf-dist/tex/latex/l3kernel/expl3.sty
Package: expl3 2020-02-14 L3 programming layer (loader) 

(/usr/share/texlive/texmf-dist/tex/latex/l3backend/l3backend-pdfmode.def
File: l3backend-pdfmode.def 2020-02-03 L3 backend support: PDF mode
\l__kernel_color_stack_int=\count191
\l__pdf_internal_box=\box47
))
(/usr/share/texlive/texmf-dist/tex/latex/l3packages/xparse/xparse.sty
Package: xparse 2020-02-14 L3 Experimental document command parser
\l__xparse_current_arg_int=\count192
\g__xparse_grabber_int=\count193
\l__xparse_m_args_int=\count194
\l__xparse_v_nesting_int=\count195
)
Package: lipsum 2019/01/02 v2.2 150 paragraphs of Lorem Ipsum dummy text

(/usr/share/texlive/texmf-dist/tex/latex/lipsum/lipsum.ltd.tex
File: lipsum.ltd.tex 2019/01/02 v2.2 The Lorem ipsum dummy text
))
(/usr/share/texlive/texmf-dist/tex/latex/graphics/graphicx.sty
Package: graphicx 2019/11/30 v1.2a Enhanced LaTeX Graphics (DPC,SPQR)

(/usr/share/texlive/texmf-dist/tex/latex/graphics/graphics.sty
Package: graphics 2019/11/30 v1.4a Standard LaTeX Graphics (DPC,SPQR)

(/usr/share/texlive/texmf-dist/tex/latex/graphics/trig.sty
Package: trig 2016/01/03 v1.10 sin cos tan (DPC)
)
(/usr/share/texlive/texmf-dist/tex/latex/graphics-cfg/graphics.cfg
File: graphics.cfg 2016/06/04 v1.11 sample graphics configuration
)
Package graphics Info: Driver file: pdftex.def on input line 105.

(/usr/share/texlive/texmf-dist/tex/latex/graphics-def/pdftex.def
File: pdftex.def 2018/01/08 v1.0l Graphics/color driver for pdftex
))
\Gin@req@height=\dimen149
\Gin@req@width=\dimen150
)
(/usr/share/texlive/texmf-dist/tex/latex/geometry/geometry.sty
Package: geometry 2020/01/02 v5.9 Page Geometry

(/usr/share/texlive/texmf-dist/tex/generic/iftex/ifvtex.sty
Package: ifvtex 2019/10/25 v1.7 ifvtex legacy package. Use iftex instead.

(/usr/share/texlive/texmf-dist/tex/generic/iftex/iftex.sty
Package: iftex 2019/11/07 v1.0c TeX engine tests
))
\Gm@cnth=\count196
\Gm@cntv=\count197
\c@Gm@tempcnt=\count198
\Gm@bindingoffset=\dimen151
\Gm@wd@mp=\dimen152
\Gm@odd@mp=\dimen153
\Gm@even@mp=\dimen154
\Gm@layoutwidth=\dimen155
\Gm@layoutheight=\dimen156
\Gm@layouthoffset=\dimen157
\Gm@layoutvoffset=\dimen158
\Gm@dimlist=\toks18
)
(/usr/share/texlive/texmf-dist/tex/latex/hyperref/hyperref.sty
Package: hyperref 2020/01/14 v7.00d Hypertext links for LaTeX

(/usr/share/texlive/texmf-dist/tex/latex/pdftexcmds/pdftexcmds.sty
Package: pdftexcmds 2019/11/24 v0.31 Utility functions of pdfTeX for LuaTeX (HO
)

(/usr/share/texlive/texmf-dist/tex/generic/infwarerr/infwarerr.sty
Package: infwarerr 2019/12/03 v1.5 Providing info/warning/error messages (HO)
)
Package pdftexcmds Info: \pdf@primitive is available.
Package pdftexcmds Info: \pdf@ifprimitive is available.
Package pdftexcmds Info: \pdfdraftmode found.
)
(/usr/share/texlive/texmf-dist/tex/generic/kvdefinekeys/kvdefinekeys.sty
Package: kvdefinekeys 2019-12-19 v1.6 Define keys (HO)
)
(/usr/share/texlive/texmf-dist/tex/generic/pdfescape/pdfescape.sty
Package: pdfescape 2019/12/09 v1.15 Implements pdfTeX's escape features (HO)
)
(/usr/share/texlive/texmf-dist/tex/latex/hycolor/hycolor.sty
Package: hycolor 2020-01-27 v1.10 Color options for hyperref/bookmark (HO)
)
(/usr/share/texlive/texmf-dist/tex/latex/letltxmacro/letltxmacro.sty
Package: letltxmacro 2019/12/03 v1.6 Let assignment for LaTeX macros (HO)
)
(/usr/share/texlive/texmf-dist/tex/latex/auxhook/auxhook.sty
Package: auxhook 2019-12-17 v1.6 Hooks for auxiliary files (HO)
)
\@linkdim=\dimen159
\Hy@linkcounter=\count199
\Hy@pagecounter=\count266

(/usr/share/texlive/texmf-dist/tex/latex/hyperref/pd1enc.def
File: pd1enc.def 2020/01/14 v7.00d Hyperref: PDFDocEncoding definition (HO)
Now handling font encoding PD1 ...
... no UTF-8 mapping file for font encoding PD1
)
(/usr/share/texlive/texmf-dist/tex/generic/intcalc/intcalc.sty
Package: intcalc 2019/12/15 v1.3 Expandable calculations with integers (HO)
)
(/usr/share/texlive/texmf-dist/tex/generic/etexcmds/etexcmds.sty
Package: etexcmds 2019/12/15 v1.7 Avoid name clashes with e-TeX commands (HO)
)
\Hy@SavedSpaceFactor=\count267
\pdfmajorversion=\count268
Package hyperref Info: Hyper figures OFF on input line 4547.
Package hyperref Info: Link nesting OFF on input line 4552.
Package hyperref Info: Hyper index ON on input line 4555.
Package hyperref Info: Plain pages OFF on input line 4562.
Package hyperref Info: Backreferencing OFF on input line 4567.
Package hyperref Info: Implicit mode ON; LaTeX internals redefined.
Package hyperref Info: Bookmarks ON on input line 4800.
\c@Hy@tempcnt=\count269

(/usr/share/texlive/texmf-dist/tex/latex/url/url.sty
\Urlmuskip=\muskip16
Package: url 2013/09/16  ver 3.4  Verb mode for urls, etc.
)
LaTeX Info: Redefining \url on input line 5159.
\XeTeXLinkMargin=\dimen160

(/usr/share/texlive/texmf-dist/tex/generic/bitset/bitset.sty
Package: bitset 2019/12/09 v1.3 Handle bit-vector datatype (HO)

(/usr/share/texlive/texmf-dist/tex/generic/bigintcalc/bigintcalc.sty
Package: bigintcalc 2019/12/15 v1.5 Expandable calculations on big integers (HO
)
))
\Fld@menulength=\count270
\Field@Width=\dimen161
\Fld@charsize=\dimen162
Package hyperref Info: Hyper figures OFF on input line 6430.
Package hyperref Info: Link nesting OFF on input line 6435.
Package hyperref Info: Hyper index ON on input line 6438.
Package hyperref Info: backreferencing OFF on input line 6445.
Package hyperref Info: Link coloring OFF on input line 6450.
Package hyperref Info: Link coloring with OCG OFF on input line 6455.
Package hyperref Info: PDF/A mode OFF on input line 6460.
LaTeX Info: Redefining \ref on input line 6500.
LaTeX Info: Redefining \pageref on input line 6504.

(/usr/share/texlive/texmf-dist/tex/generic/atbegshi/atbegshi.sty
Package: atbegshi 2019/12/05 v1.19 At begin shipout hook (HO)
)
\Hy@abspage=\count271
\c@Item=\count272
\c@Hfootnote=\count273
)
Package hyperref Info: Driver: hpdftex.

(/usr/share/texlive/texmf-dist/tex/latex/hyperref/hpdftex.def
File: hpdftex.def 2020/01/14 v7.00d Hyperref driver for pdfTeX

(/usr/share/texlive/texmf-dist/tex/latex/atveryend/atveryend.sty
Package: atveryend 2019-12-11 v1.11 Hooks at the very end of document (HO)
Package atveryend Info: \enddocument detected (standard20110627).
)
\Fld@listcount=\count274
\c@bookmark@seq@number=\count275

(/usr/share/texlive/texmf-dist/tex/latex/rerunfilecheck/rerunfilecheck.sty
Package: rerunfilecheck 2019/12/05 v1.9 Rerun checks for auxiliary files (HO)

(/usr/share/texlive/texmf-dist/tex/generic/uniquecounter/uniquecounter.sty
Package: uniquecounter 2019/12/15 v1.4 Provide unlimited unique counter (HO)
)
Package uniquecounter Info: New unique counter `rerunfilecheck' on input line 2
86.
)
\Hy@SectionHShift=\skip55
)
Package hyperref Info: Option `colorlinks' set `true' on input line 71.


Package hyperref Warning: Option `pagecolor' is not available anymore.


Package hyperref Warning: Option `bookmarks' has already been used,
(hyperref)                setting the option has no effect on input line 71.

Package hyperref Info: Option `bookmarksopen' set `false' on input line 71.
Package hyperref Info: Option `bookmarksnumbered' set `true' on input line 71.
Package hyperref Info: Option `pdfdisplaydoctitle' set `true' on input line 71.

(/usr/share/texlive/texmf-dist/tex/latex/natbib/natbib.sty
Package: natbib 2010/09/13 8.31b (PWD, AO)
\bibhang=\skip56
\bibsep=\skip57
LaTeX Info: Redefining \cite on input line 694.
\c@NAT@ctr=\count276
)
(/usr/share/texlive/texmf-dist/tex/latex/mdframed/mdframed.sty
Package: mdframed 2013/07/01 1.9b: mdframed

(/usr/share/texlive/texmf-dist/tex/latex/etoolbox/etoolbox.sty
Package: etoolbox 2019/09/21 v2.5h e-TeX tools for LaTeX (JAW)
\etb@tempcnta=\count277
)
(/usr/share/texlive/texmf-dist/tex/latex/zref/zref-abspage.sty
Package: zref-abspage 2019/11/29 v2.28 Module abspage for zref (HO)

(/usr/share/texlive/texmf-dist/tex/latex/zref/zref-base.sty
Package: zref-base 2019/11/29 v2.28 Module base for zref (HO)
Package zref Info: New property list: main on input line 763.
Package zref Info: New property: default on input line 764.
Package zref Info: New property: page on input line 765.
)
\c@abspage=\count278
Package zref Info: New property: abspage on input line 66.
)
(/usr/share/texlive/texmf-dist/tex/latex/needspace/needspace.sty
Package: needspace 2010/09/12 v1.3d reserve vertical space
)
(/usr/share/texlive/texmf-dist/tex/latex/graphics/color.sty
Package: color 2019/11/23 v1.2a Standard LaTeX Color (DPC)

(/usr/share/texlive/texmf-dist/tex/latex/graphics-cfg/color.cfg
File: color.cfg 2016/01/02 v1.6 sample color configuration
)
Package color Info: Driver file: pdftex.def on input line 147.
)
\mdf@templength=\skip58
\c@mdf@globalstyle@cnt=\count279
\mdf@skipabove@length=\skip59
\mdf@skipbelow@length=\skip60
\mdf@leftmargin@length=\skip61
\mdf@rightmargin@length=\skip62
\mdf@innerleftmargin@length=\skip63
\mdf@innerrightmargin@length=\skip64
\mdf@innertopmargin@length=\skip65
\mdf@innerbottommargin@length=\skip66
\mdf@splittopskip@length=\skip67
\mdf@splitbottomskip@length=\skip68
\mdf@outermargin@length=\skip69
\mdf@innermargin@length=\skip70
\mdf@linewidth@length=\skip71
\mdf@innerlinewidth@length=\skip72
\mdf@middlelinewidth@length=\skip73
\mdf@outerlinewidth@length=\skip74
\mdf@roundcorner@length=\skip75
\mdf@footenotedistance@length=\skip76
\mdf@userdefinedwidth@length=\skip77
\mdf@needspace@length=\skip78
\mdf@frametitleaboveskip@length=\skip79
\mdf@frametitlebelowskip@length=\skip80
\mdf@frametitlerulewidth@length=\skip81
\mdf@frametitleleftmargin@length=\skip82
\mdf@frametitlerightmargin@length=\skip83
\mdf@shadowsize@length=\skip84
\mdf@extratopheight@length=\skip85
\mdf@subtitleabovelinewidth@length=\skip86
\mdf@subtitlebelowlinewidth@length=\skip87
\mdf@subtitleaboveskip@length=\skip88
\mdf@subtitlebelowskip@length=\skip89
\mdf@subtitleinneraboveskip@length=\skip90
\mdf@subtitleinnerbelowskip@length=\skip91
\mdf@subsubtitleabovelinewidth@length=\skip92
\mdf@subsubtitlebelowlinewidth@length=\skip93
\mdf@subsubtitleaboveskip@length=\skip94
\mdf@subsubtitlebelowskip@length=\skip95
\mdf@subsubtitleinneraboveskip@length=\skip96
\mdf@subsubtitleinnerbelowskip@length=\skip97

(/usr/share/texlive/texmf-dist/tex/latex/mdframed/md-frame-0.mdf
File: md-frame-0.mdf 2013/07/01\ 1.9b: md-frame-0
)
\mdf@frametitlebox=\box48
\mdf@footnotebox=\box49
\mdf@splitbox@one=\box50
\mdf@splitbox@two=\box51
\mdf@splitbox@save=\box52
\mdfsplitboxwidth=\skip98
\mdfsplitboxtotalwidth=\skip99
\mdfsplitboxheight=\skip100
\mdfsplitboxdepth=\skip101
\mdfsplitboxtotalheight=\skip102
\mdfframetitleboxwidth=\skip103
\mdfframetitleboxtotalwidth=\skip104
\mdfframetitleboxheight=\skip105
\mdfframetitleboxdepth=\skip106
\mdfframetitleboxtotalheight=\skip107
\mdffootnoteboxwidth=\skip108
\mdffootnoteboxtotalwidth=\skip109
\mdffootnoteboxheight=\skip110
\mdffootnoteboxdepth=\skip111
\mdffootnoteboxtotalheight=\skip112
\mdftotallinewidth=\skip113
\mdfboundingboxwidth=\skip114
\mdfboundingboxtotalwidth=\skip115
\mdfboundingboxheight=\skip116
\mdfboundingboxdepth=\skip117
\mdfboundingboxtotalheight=\skip118
\mdf@freevspace@length=\skip119
\mdf@horizontalwidthofbox@length=\skip120
\mdf@verticalmarginwhole@length=\skip121
\mdf@horizontalspaceofbox=\skip122
\mdfsubtitleheight=\skip123
\mdfsubsubtitleheight=\skip124
\c@mdfcountframes=\count280

****** mdframed patching \endmdf@trivlist

****** -- success******

\mdf@envdepth=\count281
\c@mdf@env@i=\count282
\c@mdf@env@ii=\count283
\c@mdf@zref@counter=\count284
Package zref Info: New property: mdf@pagevalue on input line 895.
)
(./report.aux

LaTeX Warning: Label `fig:icere' multiply defined.

)
\openout1 = `report.aux'.

LaTeX Font Info:    Checking defaults for OML/cmm/m/it on input line 81.
LaTeX Font Info:    ... okay on input line 81.
LaTeX Font Info:    Checking defaults for OMS/cmsy/m/n on input line 81.
LaTeX Font Info:    ... okay on input line 81.
LaTeX Font Info:    Checking defaults for OT1/cmr/m/n on input line 81.
LaTeX Font Info:    ... okay on input line 81.
LaTeX Font Info:    Checking defaults for T1/cmr/m/n on input line 81.
LaTeX Font Info:    ... okay on input line 81.
LaTeX Font Info:    Checking defaults for TS1/cmr/m/n on input line 81.
LaTeX Font Info:    ... okay on input line 81.
LaTeX Font Info:    Checking defaults for OMX/cmex/m/n on input line 81.
LaTeX Font Info:    ... okay on input line 81.
LaTeX Font Info:    Checking defaults for U/cmr/m/n on input line 81.
LaTeX Font Info:    ... okay on input line 81.
LaTeX Font Info:    Checking defaults for PD1/pdf/m/n on input line 81.
LaTeX Font Info:    ... okay on input line 81.
LaTeX Font Info:    Trying to load font information for OT1+phv on input line 8
1.
 (/usr/share/texlive/texmf-dist/tex/latex/psnfss/ot1phv.fd
File: ot1phv.fd 2001/06/04 scalable font definitions for OT1/phv.
)
Package caption Info: Begin \AtBeginDocument code.
Package caption Info: hyperref package is loaded.
Package caption Info: listings package is loaded.
Package caption Info: subfigure package is loaded.
Package caption Info: End \AtBeginDocument code.
\c@lstlisting=\count285

(/usr/share/texlive/texmf-dist/tex/context/base/mkii/supp-pdf.mkii
[Loading MPS to PDF converter (version 2006.09.02).]
\scratchcounter=\count286
\scratchdimen=\dimen163
\scratchbox=\box53
\nofMPsegments=\count287
\nofMParguments=\count288
\everyMPshowfont=\toks19
\MPscratchCnt=\count289
\MPscratchDim=\dimen164
\MPnumerator=\count290
\makeMPintoPDFobject=\count291
\everyMPtoPDFconversion=\toks20
) (/usr/share/texlive/texmf-dist/tex/latex/epstopdf-pkg/epstopdf-base.sty
Package: epstopdf-base 2020-01-24 v2.11 Base part for package epstopdf

(/usr/share/texlive/texmf-dist/tex/latex/grfext/grfext.sty
Package: grfext 2019/12/03 v1.3 Manage graphics extensions (HO)
)
Package epstopdf-base Info: Redefining graphics rule for `.eps' on input line 4
85.
Package grfext Info: Graphics extension search list:
(grfext)             [.pdf,.png,.jpg,.mps,.jpeg,.jbig2,.jb2,.PDF,.PNG,.JPG,.JPE
G,.JBIG2,.JB2,.eps]
(grfext)             \AppendGraphicsExtensions on input line 504.

(/usr/share/texlive/texmf-dist/tex/latex/latexconfig/epstopdf-sys.cfg
File: epstopdf-sys.cfg 2010/07/13 v1.3 Configuration of (r)epstopdf for TeX Liv
e
))
*geometry* driver: auto-detecting
*geometry* detected driver: pdftex

Package geometry Warning: The marginal notes overrun the paper.
     Add 41.86812pt and more to the right margin.

*geometry* verbose mode - [ preamble ] result:
* driver: pdftex
* paper: a4paper
* layout: <same size as paper>
* layoutoffset:(h,v)=(0.0pt,0.0pt)
* modes: twoside 
* h-part:(L,W,R)=(71.13188pt, 455.24411pt, 71.13188pt)
* v-part:(T,H,B)=(71.13188pt, 702.78308pt, 71.13188pt)
* \paperwidth=597.50787pt
* \paperheight=845.04684pt
* \textwidth=455.24411pt
* \textheight=702.78308pt
* \oddsidemargin=-1.1381pt
* \evensidemargin=-1.1381pt
* \topmargin=-38.1381pt
* \headheight=12.0pt
* \headsep=25.0pt
* \topskip=11.0pt
* \footskip=30.0pt
* \marginparwidth=103.0pt
* \marginparsep=10.0pt
* \columnsep=10.0pt
* \skip\footins=10.0pt plus 4.0pt minus 2.0pt
* \hoffset=0.0pt
* \voffset=0.0pt
* \mag=1000
* \@twocolumnfalse
* \@twosidetrue
* \@mparswitchtrue
* \@reversemarginfalse
* (1in=72.27pt=25.4mm, 1cm=28.453pt)

\AtBeginShipoutBox=\box54
Package hyperref Info: Link coloring ON on input line 81.
(/usr/share/texlive/texmf-dist/tex/latex/hyperref/nameref.sty
Package: nameref 2019/09/16 v2.46 Cross-referencing by name of section

(/usr/share/texlive/texmf-dist/tex/latex/refcount/refcount.sty
Package: refcount 2019/12/15 v3.6 Data extraction from label references (HO)
)
(/usr/share/texlive/texmf-dist/tex/generic/gettitlestring/gettitlestring.sty
Package: gettitlestring 2019/12/15 v1.6 Cleanup title references (HO)
)
\c@section@level=\count292
)
LaTeX Info: Redefining \ref on input line 81.
LaTeX Info: Redefining \pageref on input line 81.
LaTeX Info: Redefining \nameref on input line 81.

(./report.out) (./report.out)
\@outlinefile=\write3
\openout3 = `report.out'.

 (./frontcover.tex
Package pdftex.def Info: Option `bb' equivalent to `viewport' with pdftex drive
r on input line 6.
<../figlib/index.png, id=40, 299.1175pt x 169.63374pt>
File: ../figlib/index.png Graphic file (type png)
<use ../figlib/index.png>
Package pdftex.def Info: ../figlib/index.png  used on input line 6.
(pdftex.def)             Requested size: 71.1317pt x -142.26343pt.
LaTeX Font Info:    Trying to load font information for T1+phv on input line 17
.

(/usr/share/texlive/texmf-dist/tex/latex/psnfss/t1phv.fd
File: t1phv.fd 2001/06/04 scalable font definitions for T1/phv.
)) (./report.toc
LaTeX Font Info:    External font `cmex10' loaded for size
(Font)              <10.95> on input line 4.
LaTeX Font Info:    External font `cmex10' loaded for size
(Font)              <8> on input line 4.
LaTeX Font Info:    External font `cmex10' loaded for size
(Font)              <6> on input line 4.
)
\tf@toc=\write4
\openout4 = `report.toc'.


(./intro.tex
<../figlib/lab2.pdf, id=51, 845.04686pt x 597.50786pt>
File: ../figlib/lab2.pdf Graphic file (type pdf)
<use ../figlib/lab2.pdf>
Package pdftex.def Info: ../figlib/lab2.pdf  used on input line 15.
(pdftex.def)             Requested size: 455.24411pt x 321.8927pt.


LaTeX Warning: `h' float specifier changed to `ht'.

) [1

{/var/lib/texmf/fonts/map/pdftex/updmap/pdftex.map} <../figlib/index.png>]
(./analysis.tex [2 <../figlib/lab2.pdf>] (../mat/tabela1.tex)
(../mat/table1_tab.tex) [3]
Overfull \hbox (54.91539pt too wide) detected at line 126
[][] \OT1/cmr/m/n/10.95 + [] + [] + [] + [] + \OML/cmm/m/it/10.95 K[]\OT1/cmr/m
/n/10.95 (\OML/cmm/m/it/10.95 V[] \OMS/cmsy/m/n/10.95 ^^@ \OML/cmm/m/it/10.95 V
[]\OT1/cmr/m/n/10.95 ) = 0  \OMS/cmsy/m/n/10.95 ([])  [] \OT1/cmr/m/n/10.95 + [
] + [] + \OML/cmm/m/it/10.95 K[]\OT1/cmr/m/n/10.95 (\OML/cmm/m/it/10.95 V[] \OM
S/cmsy/m/n/10.95 ^^@ \OML/cmm/m/it/10.95 V[]\OT1/cmr/m/n/10.95 ) = 0;[] []
 []

(../mat/tabela2.tex) (../mat/table2_tab.tex)

LaTeX Warning: `h' float specifier changed to `ht'.

[4]
Package epstopdf Info: Source file: <v6_n.eps>
(epstopdf)                    date: 2021-04-05 11:34:36
(epstopdf)                    size: 362707 bytes
(epstopdf)             Output file: <v6_n-eps-converted-to.pdf>
(epstopdf)                    date: 2021-04-05 11:34:37
(epstopdf)                    size: 117280 bytes
(epstopdf)             Command: <repstopdf --outfile=v6_n-eps-converted-to.pdf 
v6_n.eps>
(epstopdf)             \includegraphics on input line 164.
Package epstopdf Info: Output file is already uptodate.
<v6_n-eps-converted-to.pdf, id=106, 578.16pt x 433.62pt>
File: v6_n-eps-converted-to.pdf Graphic file (type pdf)
<use v6_n-eps-converted-to.pdf>
Package pdftex.def Info: v6_n-eps-converted-to.pdf  used on input line 164.
(pdftex.def)             Requested size: 223.07211pt x 167.29819pt.
<../mat/trans.pdf, id=107, 597.23125pt x 845.1575pt>
File: ../mat/trans.pdf Graphic file (type pdf)
<use ../mat/trans.pdf>
Package pdftex.def Info: ../mat/trans.pdf  used on input line 165.
(pdftex.def)             Requested size: 182.09486pt x 257.68884pt.
 [5 <./v6_n-eps-converted-to.pdf> <../mat/trans.pdf>] (../mat/tabela3.tex)
Package epstopdf Info: Source file: <v6_f.eps>
(epstopdf)                    date: 2021-04-05 11:34:36
(epstopdf)                    size: 363085 bytes
(epstopdf)             Output file: <v6_f-eps-converted-to.pdf>
(epstopdf)                    date: 2021-04-05 11:34:38
(epstopdf)                    size: 102453 bytes
(epstopdf)             Command: <repstopdf --outfile=v6_f-eps-converted-to.pdf 
v6_f.eps>
(epstopdf)             \includegraphics on input line 192.
Package epstopdf Info: Output file is already uptodate.
<v6_f-eps-converted-to.pdf, id=126, 578.16pt x 433.62pt>
File: v6_f-eps-converted-to.pdf Graphic file (type pdf)
<use v6_f-eps-converted-to.pdf>
Package pdftex.def Info: v6_f-eps-converted-to.pdf  used on input line 192.
(pdftex.def)             Requested size: 227.62206pt x 170.71231pt.

[6 <./v6_f-eps-converted-to.pdf>]
Package epstopdf Info: Source file: <v6_vs.eps>
(epstopdf)                    date: 2021-04-05 11:34:36
(epstopdf)                    size: 897217 bytes
(epstopdf)             Output file: <v6_vs-eps-converted-to.pdf>
(epstopdf)                    date: 2021-04-05 11:34:40
(epstopdf)                    size: 220774 bytes
(epstopdf)             Command: <repstopdf --outfile=v6_vs-eps-converted-to.pdf
 v6_vs.eps>
(epstopdf)             \includegraphics on input line 207.
Package epstopdf Info: Output file is already uptodate.
<v6_vs-eps-converted-to.pdf, id=138, 578.16pt x 433.62pt>
File: v6_vs-eps-converted-to.pdf Graphic file (type pdf)
<use v6_vs-eps-converted-to.pdf>
Package pdftex.def Info: v6_vs-eps-converted-to.pdf  used on input line 207.
(pdftex.def)             Requested size: 223.07211pt x 167.29819pt.
<../mat/trans2.pdf, id=139, 597.23125pt x 845.1575pt>
File: ../mat/trans2.pdf Graphic file (type pdf)
<use ../mat/trans2.pdf>
Package pdftex.def Info: ../mat/trans2.pdf  used on input line 208.
(pdftex.def)             Requested size: 182.09486pt x 257.68884pt.
Package epstopdf Info: Source file: <mag_vc.eps>
(epstopdf)                    date: 2021-04-05 11:34:36
(epstopdf)                    size: 1785493 bytes
(epstopdf)             Output file: <mag_vc-eps-converted-to.pdf>
(epstopdf)                    date: 2021-04-05 11:34:44
(epstopdf)                    size: 279898 bytes
(epstopdf)             Command: <repstopdf --outfile=mag_vc-eps-converted-to.pd
f mag_vc.eps>
(epstopdf)             \includegraphics on input line 230.
Package epstopdf Info: Output file is already uptodate.
<mag_vc-eps-converted-to.pdf, id=140, 578.16pt x 433.62pt>
File: mag_vc-eps-converted-to.pdf Graphic file (type pdf)
<use mag_vc-eps-converted-to.pdf>
Package pdftex.def Info: mag_vc-eps-converted-to.pdf  used on input line 230.
(pdftex.def)             Requested size: 223.07211pt x 167.29819pt.
<../mat/trans4.pdf, id=141, 597.23125pt x 845.1575pt>
File: ../mat/trans4.pdf Graphic file (type pdf)
<use ../mat/trans4.pdf>
Package pdftex.def Info: ../mat/trans4.pdf  used on input line 231.
(pdftex.def)             Requested size: 191.20169pt x 270.57199pt.


LaTeX Warning: `!h' float specifier changed to `!ht'.

Package epstopdf Info: Source file: <phase_vc.eps>
(epstopdf)                    date: 2021-04-05 11:34:36
(epstopdf)                    size: 1784468 bytes
(epstopdf)             Output file: <phase_vc-eps-converted-to.pdf>
(epstopdf)                    date: 2021-04-05 11:34:47
(epstopdf)                    size: 163537 bytes
(epstopdf)             Command: <repstopdf --outfile=phase_vc-eps-converted-to.
pdf phase_vc.eps>
(epstopdf)             \includegraphics on input line 237.
Package epstopdf Info: Output file is already uptodate.
<phase_vc-eps-converted-to.pdf, id=142, 578.16pt x 433.62pt>
File: phase_vc-eps-converted-to.pdf Graphic file (type pdf)
<use phase_vc-eps-converted-to.pdf>
Package pdftex.def Info: phase_vc-eps-converted-to.pdf  used on input line 237.

(pdftex.def)             Requested size: 223.07211pt x 167.29819pt.
<../mat/trans5.pdf, id=143, 597.23125pt x 845.1575pt>
File: ../mat/trans5.pdf Graphic file (type pdf)
<use ../mat/trans5.pdf>
Package pdftex.def Info: ../mat/trans5.pdf  used on input line 238.
(pdftex.def)             Requested size: 191.20169pt x 270.57199pt.

LaTeX Warning: `!h' float specifier changed to `!ht'.

[7 <./v6_vs-eps-converted-to.pdf> <../mat/trans2.pdf>]

LaTeX Warning: Text page 8 contains only floats.

[8 <./mag_vc-eps-converted-to.pdf> <../mat/trans4.pdf> <./phase_vc-eps-converte
d-to.pdf> <../mat/trans5.pdf>]
Package epstopdf Info: Source file: <mag_v6.eps>
(epstopdf)                    date: 2021-04-05 11:34:36
(epstopdf)                    size: 1795827 bytes
(epstopdf)             Output file: <mag_v6-eps-converted-to.pdf>
(epstopdf)                    date: 2021-04-05 11:34:51
(epstopdf)                    size: 168751 bytes
(epstopdf)             Command: <repstopdf --outfile=mag_v6-eps-converted-to.pd
f mag_v6.eps>
(epstopdf)             \includegraphics on input line 250.
Package epstopdf Info: Output file is already uptodate.
<mag_v6-eps-converted-to.pdf, id=196, 578.16pt x 433.62pt>
File: mag_v6-eps-converted-to.pdf Graphic file (type pdf)
<use mag_v6-eps-converted-to.pdf>
Package pdftex.def Info: mag_v6-eps-converted-to.pdf  used on input line 250.
(pdftex.def)             Requested size: 223.07211pt x 167.29819pt.
<../mat/trans8.pdf, id=197, 597.23125pt x 845.1575pt>
File: ../mat/trans8.pdf Graphic file (type pdf)
<use ../mat/trans8.pdf>
Package pdftex.def Info: ../mat/trans8.pdf  used on input line 251.
(pdftex.def)             Requested size: 191.20169pt x 270.57199pt.
Package epstopdf Info: Source file: <phase_v6.eps>
(epstopdf)                    date: 2021-04-05 11:34:36
(epstopdf)                    size: 1785978 bytes
(epstopdf)             Output file: <phase_v6-eps-converted-to.pdf>
(epstopdf)                    date: 2021-04-05 11:34:54
(epstopdf)                    size: 163650 bytes
(epstopdf)             Command: <repstopdf --outfile=phase_v6-eps-converted-to.
pdf phase_v6.eps>
(epstopdf)             \includegraphics on input line 257.
Package epstopdf Info: Output file is already uptodate.
<phase_v6-eps-converted-to.pdf, id=198, 578.16pt x 433.62pt>
File: phase_v6-eps-converted-to.pdf Graphic file (type pdf)
<use phase_v6-eps-converted-to.pdf>
Package pdftex.def Info: phase_v6-eps-converted-to.pdf  used on input line 257.

(pdftex.def)             Requested size: 223.07211pt x 167.29819pt.
<../mat/trans9.pdf, id=199, 597.23125pt x 845.1575pt>
File: ../mat/trans9.pdf Graphic file (type pdf)
<use ../mat/trans9.pdf>
Package pdftex.def Info: ../mat/trans9.pdf  used on input line 258.
(pdftex.def)             Requested size: 191.20169pt x 270.57199pt.
 [9 <./mag_v6-eps-converted-to.pdf> <../mat/trans8.pdf> <./phase_v6-eps-convert
ed-to.pdf> <../mat/trans9.pdf>]
Package epstopdf Info: Source file: <mag_vs.eps>
(epstopdf)                    date: 2021-04-05 11:34:36
(epstopdf)                    size: 9461 bytes
(epstopdf)             Output file: <mag_vs-eps-converted-to.pdf>
(epstopdf)                    date: 2021-04-05 11:34:55
(epstopdf)                    size: 6428 bytes
(epstopdf)             Command: <repstopdf --outfile=mag_vs-eps-converted-to.pd
f mag_vs.eps>
(epstopdf)             \includegraphics on input line 270.
Package epstopdf Info: Output file is already uptodate.
<mag_vs-eps-converted-to.pdf, id=232, 578.16pt x 433.62pt>
File: mag_vs-eps-converted-to.pdf Graphic file (type pdf)
<use mag_vs-eps-converted-to.pdf>
Package pdftex.def Info: mag_vs-eps-converted-to.pdf  used on input line 270.
(pdftex.def)             Requested size: 223.07211pt x 167.29819pt.
<../mat/trans6.pdf, id=233, 597.23125pt x 845.1575pt>
File: ../mat/trans6.pdf Graphic file (type pdf)
<use ../mat/trans6.pdf>
Package pdftex.def Info: ../mat/trans6.pdf  used on input line 271.
(pdftex.def)             Requested size: 191.20169pt x 270.57199pt.
Package epstopdf Info: Source file: <phase_vs.eps>
(epstopdf)                    date: 2021-04-05 11:34:36
(epstopdf)                    size: 9535 bytes
(epstopdf)             Output file: <phase_vs-eps-converted-to.pdf>
(epstopdf)                    date: 2021-04-05 11:34:55
(epstopdf)                    size: 6787 bytes
(epstopdf)             Command: <repstopdf --outfile=phase_vs-eps-converted-to.
pdf phase_vs.eps>
(epstopdf)             \includegraphics on input line 277.
Package epstopdf Info: Output file is already uptodate.
<phase_vs-eps-converted-to.pdf, id=234, 578.16pt x 433.62pt>
File: phase_vs-eps-converted-to.pdf Graphic file (type pdf)
<use phase_vs-eps-converted-to.pdf>
Package pdftex.def Info: phase_vs-eps-converted-to.pdf  used on input line 277.

(pdftex.def)             Requested size: 223.07211pt x 167.29819pt.
<../mat/trans7.pdf, id=235, 597.23125pt x 845.1575pt>
File: ../mat/trans7.pdf Graphic file (type pdf)
<use ../mat/trans7.pdf>
Package pdftex.def Info: ../mat/trans7.pdf  used on input line 278.
(pdftex.def)             Requested size: 191.20169pt x 270.57199pt.
 [10 <./mag_vs-eps-converted-to.pdf> <../mat/trans6.pdf> <./phase_vs-eps-conver
ted-to.pdf> <../mat/trans7.pdf>]) (./conclusion.tex)
Package atveryend Info: Empty hook `BeforeClearDocument' on input line 156.
 [11]
Package atveryend Info: Empty hook `AfterLastShipout' on input line 156.
 (./report.aux)
Package atveryend Info: Executing hook `AtVeryEndDocument' on input line 156.
Package atveryend Info: Executing hook `AtEndAfterFileList' on input line 156.
Package rerunfilecheck Info: File `report.out' has not changed.
(rerunfilecheck)             Checksum: 45DE9097A16311767FD433ECFAD7C223;560.


LaTeX Warning: There were multiply-defined labels.

Package atveryend Info: Empty hook `AtVeryVeryEnd' on input line 156.
 ) 
Here is how much of TeX's memory you used:
 11202 strings out of 481239
 181942 string characters out of 5920378
 569797 words of memory out of 5000000
 26161 multiletter control sequences out of 15000+600000
 553697 words of font info for 51 fonts, out of 8000000 for 9000
 1142 hyphenation exceptions out of 8191
 41i,8n,42p,925b,342s stack positions out of 5000i,500n,10000p,200000b,80000s
{/usr/share/texlive/texmf-dist/fonts/enc/dvips/base/8r.enc}</usr/share/texliv
e/texmf-dist/fonts/type1/public/amsfonts/cm/cmmi10.pfb></usr/share/texlive/texm
f-dist/fonts/type1/public/amsfonts/cm/cmmi8.pfb></usr/share/texlive/texmf-dist/
fonts/type1/public/amsfonts/cm/cmr10.pfb></usr/share/texlive/texmf-dist/fonts/t
ype1/public/amsfonts/cm/cmr8.pfb></usr/share/texlive/texmf-dist/fonts/type1/pub
lic/amsfonts/cm/cmsy10.pfb></usr/share/texlive/texmf-dist/fonts/type1/urw/helve
tic/uhvb8a.pfb></usr/share/texlive/texmf-dist/fonts/type1/urw/helvetic/uhvr8a.p
fb>
Output written on report.pdf (11 pages, 1346947 bytes).
PDF statistics:
 315 PDF objects out of 1000 (max. 8388607)
 253 compressed objects within 3 object streams
 69 named destinations out of 1000 (max. 500000)
 168 words of extra memory for PDF output out of 10000 (max. 10000000)

